<?xml version="1.0" encoding="UTF-8"?>
<!-- Generated by org.testng.reporters.JUnitReportReporter -->
<testsuite hostname="Amrita-PC" name="guru99.day1to6.test.LoginTest" tests="5" failures="0" timestamp="2 Jun 2019 16:18:09 GMT" time="83.212" errors="0">
  <testcase name="captureScreenshot" time="12.785" classname="guru99.day1to6.test.LoginTest"/>
  <testcase name="login" time="14.560" classname="guru99.day1to6.test.LoginTest"/>
  <testcase name="login" time="14.527" classname="guru99.day1to6.test.LoginTest"/>
  <testcase name="login" time="14.563" classname="guru99.day1to6.test.LoginTest"/>
  <testcase name="login" time="26.777" classname="guru99.day1to6.test.LoginTest"/>
</testsuite> <!-- guru99.day1to6.test.LoginTest -->
