<?xml version="1.0" encoding="UTF-8"?>
<!-- Generated by org.testng.reporters.JUnitReportReporter -->
<testsuite skipped="0" hostname="Amrita-PC" name="TestNG.InnvocationCount" tests="7" failures="0" timestamp="30 Mar 2019 07:22:46 GMT" time="0.055" errors="0">
  <testcase name="result" time="0.003" classname="TestNG.InnvocationCount"/>
  <testcase name="multiply" time="0.003" classname="TestNG.InnvocationCount"/>
  <testcase name="multiply" time="0.003" classname="TestNG.InnvocationCount"/>
  <testcase name="multiply" time="0.002" classname="TestNG.InnvocationCount"/>
  <testcase name="multiply" time="0.029" classname="TestNG.InnvocationCount"/>
  <testcase name="multiply" time="0.012" classname="TestNG.InnvocationCount"/>
  <testcase name="sum" time="0.003" classname="TestNG.InnvocationCount"/>
</testsuite> <!-- TestNG.InnvocationCount -->
