<?xml version="1.0" encoding="UTF-8"?>
<!-- Generated by org.testng.reporters.JUnitReportReporter -->
<testsuite skipped="0" hostname="Amrita-PC" name="TestNG.GoogleTest" tests="3" failures="0" timestamp="30 Mar 2019 06:43:59 GMT" time="37.317" errors="0">
  <testcase name="googleTitleTest" time="13.449" classname="TestNG.GoogleTest"/>
  <testcase name="googleMailTest" time="11.701" classname="TestNG.GoogleTest"/>
  <testcase name="googleLogoTest" time="12.167" classname="TestNG.GoogleTest"/>
</testsuite> <!-- TestNG.GoogleTest -->
