<?xml version="1.0" encoding="UTF-8"?>
<!-- Generated by org.testng.reporters.JUnitReportReporter -->
<testsuite hostname="Amrita-PC" name="com.test.LoginTest" tests="2" failures="0" timestamp="1 Apr 2019 18:03:33 GMT" time="58.624" errors="0">
  <testcase name="login" time="23.798" classname="com.test.LoginTest"/>
  <testcase name="login" time="34.826" classname="com.test.LoginTest"/>
</testsuite> <!-- com.test.LoginTest -->
