<?xml version="1.0" encoding="UTF-8"?>
<!-- Generated by org.testng.reporters.JUnitReportReporter -->
<testsuite skipped="0" hostname="Amrita-PC" name="apiMethods.TestPostMethod" tests="1" failures="0" timestamp="28 Jul 2019 13:55:48 GMT" time="6.528" errors="0">
  <testcase name="postRequest" time="6.528" classname="apiMethods.TestPostMethod"/>
</testsuite> <!-- apiMethods.TestPostMethod -->
