<?xml version="1.0" encoding="UTF-8"?>
<!-- Generated by org.testng.reporters.JUnitReportReporter -->
<testsuite skipped="0" hostname="Amrita-PC" name="TestGetMethod" tests="1" failures="0" timestamp="28 Jul 2019 13:00:26 GMT" time="8.952" errors="0">
  <testcase name="getWeatherDetails" time="8.952" classname="TestGetMethod"/>
</testsuite> <!-- TestGetMethod -->
