<?xml version="1.0" encoding="UTF-8"?>
<!-- Generated by org.testng.reporters.JUnitReportReporter -->
<testsuite hostname="Amrita-PC" name="guru99.day1to6.test.LoginTest" tests="5" failures="0" timestamp="12 Apr 2019 05:17:08 GMT" time="115.159" errors="0">
  <testcase name="login" time="29.211" classname="guru99.day1to6.test.LoginTest"/>
  <testcase name="login" time="14.718" classname="guru99.day1to6.test.LoginTest"/>
  <testcase name="captureScreenshot" time="28.488" classname="guru99.day1to6.test.LoginTest"/>
  <testcase name="login" time="17.951" classname="guru99.day1to6.test.LoginTest"/>
  <testcase name="login" time="24.791" classname="guru99.day1to6.test.LoginTest"/>
</testsuite> <!-- guru99.day1to6.test.LoginTest -->
