<?xml version="1.0" encoding="UTF-8"?>
<!-- Generated by org.testng.reporters.JUnitReportReporter -->
<testsuite hostname="Amrita-PC" name="guru99.day7.test.apiTest" tests="6" failures="0" timestamp="13 Apr 2019 03:42:37 GMT" time="3.331" errors="0">
  <testcase name="getURI" time="0.532" classname="guru99.day7.test.apiTest"/>
  <testcase name="getURI" time="0.515" classname="guru99.day7.test.apiTest"/>
  <testcase name="getURI" time="0.517" classname="guru99.day7.test.apiTest"/>
  <testcase name="getURI" time="0.735" classname="guru99.day7.test.apiTest"/>
  <testcase name="getURI" time="0.515" classname="guru99.day7.test.apiTest"/>
  <testcase name="getURI" time="0.517" classname="guru99.day7.test.apiTest"/>
</testsuite> <!-- guru99.day7.test.apiTest -->
