<?xml version="1.0" encoding="UTF-8"?>
<!-- Generated by org.testng.reporters.JUnitReportReporter -->
<testsuite hostname="Amrita-PC" name="ecom.Ecom_day1" tests="2" failures="0" timestamp="19 Apr 2019 17:11:21 GMT" time="25.775" errors="0">
  <testcase name="title" time="13.045" classname="ecom.Ecom_day1"/>
  <testcase name="mobile" time="12.730" classname="ecom.Ecom_day1"/>
</testsuite> <!-- ecom.Ecom_day1 -->
